Compilación iniciada a las 1/21/2016 11:50:48 PM.
     1>Proyecto "C:\Users\Pablo\Desktop\Proyectos-Taller\FinalBalas2\FinalBalas2\FinalBalas2.vcxproj" en el nodo 2 (build destinos).
     1>InitializeBuildStatus:
         Se creará "Debug\FinalBalas2.unsuccessfulbuild" porque se especificó "AlwaysCreate".
       ClCompile:
         c:\Program Files (x86)\Microsoft Visual Studio 10.0\VC\bin\CL.exe /c /ZI /nologo /W3 /WX- /Od /Oy- /D _MBCS /Gm /EHsc /RTC1 /MDd /GS /fp:precise /Zc:wchar_t /Zc:forScope /Fo"Debug\\" /Fd"Debug\vc100.pdb" /Gd /TP /analyze- /errorReport:prompt main.cpp
         main.cpp
     1>c:\users\pablo\desktop\proyectos-taller\finalbalas2\finalbalas2\main.cpp(28): warning C4996: 'fopen': This function or variable may be unsafe. Consider using fopen_s instead. To disable deprecation, use _CRT_SECURE_NO_WARNINGS. See online help for details.
                 c:\program files (x86)\microsoft visual studio 10.0\vc\include\stdio.h(234) : vea la declaración de 'fopen'
     1>c:\users\pablo\desktop\proyectos-taller\finalbalas2\finalbalas2\main.cpp(37): warning C4996: 'fscanf': This function or variable may be unsafe. Consider using fscanf_s instead. To disable deprecation, use _CRT_SECURE_NO_WARNINGS. See online help for details.
                 c:\program files (x86)\microsoft visual studio 10.0\vc\include\stdio.h(253) : vea la declaración de 'fscanf'
     1>c:\users\pablo\desktop\proyectos-taller\finalbalas2\finalbalas2\main.cpp(78): warning C4996: 'strcpy': This function or variable may be unsafe. Consider using strcpy_s instead. To disable deprecation, use _CRT_SECURE_NO_WARNINGS. See online help for details.
                 c:\program files (x86)\microsoft visual studio 10.0\vc\include\string.h(105) : vea la declaración de 'strcpy'
     1>c:\users\pablo\desktop\proyectos-taller\finalbalas2\finalbalas2\main.cpp(90): warning C4996: 'strcpy': This function or variable may be unsafe. Consider using strcpy_s instead. To disable deprecation, use _CRT_SECURE_NO_WARNINGS. See online help for details.
                 c:\program files (x86)\microsoft visual studio 10.0\vc\include\string.h(105) : vea la declaración de 'strcpy'
     1>c:\users\pablo\desktop\proyectos-taller\finalbalas2\finalbalas2\main.cpp(95): warning C4996: 'strcpy': This function or variable may be unsafe. Consider using strcpy_s instead. To disable deprecation, use _CRT_SECURE_NO_WARNINGS. See online help for details.
                 c:\program files (x86)\microsoft visual studio 10.0\vc\include\string.h(105) : vea la declaración de 'strcpy'
     1>c:\users\pablo\desktop\proyectos-taller\finalbalas2\finalbalas2\main.cpp(111): warning C4996: 'fopen': This function or variable may be unsafe. Consider using fopen_s instead. To disable deprecation, use _CRT_SECURE_NO_WARNINGS. See online help for details.
                 c:\program files (x86)\microsoft visual studio 10.0\vc\include\stdio.h(234) : vea la declaración de 'fopen'
     1>c:\users\pablo\desktop\proyectos-taller\finalbalas2\finalbalas2\main.cpp(121): warning C4996: 'fscanf': This function or variable may be unsafe. Consider using fscanf_s instead. To disable deprecation, use _CRT_SECURE_NO_WARNINGS. See online help for details.
                 c:\program files (x86)\microsoft visual studio 10.0\vc\include\stdio.h(253) : vea la declaración de 'fscanf'
       Link:
         c:\Program Files (x86)\Microsoft Visual Studio 10.0\VC\bin\link.exe /ERRORREPORT:PROMPT /OUT:"C:\Users\Pablo\Desktop\Proyectos-Taller\FinalBalas2\Debug\FinalBalas2.exe" /NOLOGO kernel32.lib user32.lib gdi32.lib winspool.lib comdlg32.lib advapi32.lib shell32.lib ole32.lib oleaut32.lib uuid.lib odbc32.lib odbccp32.lib /MANIFEST /ManifestFile:"Debug\FinalBalas2.exe.intermediate.manifest" /MANIFESTUAC:"level='asInvoker' uiAccess='false'" /DEBUG /PDB:"C:\Users\Pablo\Desktop\Proyectos-Taller\FinalBalas2\Debug\FinalBalas2.pdb" /TLBID:1 /DYNAMICBASE /NXCOMPAT /IMPLIB:"C:\Users\Pablo\Desktop\Proyectos-Taller\FinalBalas2\Debug\FinalBalas2.lib" /MACHINE:X86 Debug\main.obj
         LINK : no se encontró C:\Users\Pablo\Desktop\Proyectos-Taller\FinalBalas2\Debug\FinalBalas2.exe o no lo generó el último vínculo incremental; ejecutando vínculo completo
         FinalBalas2.vcxproj -> C:\Users\Pablo\Desktop\Proyectos-Taller\FinalBalas2\Debug\FinalBalas2.exe
       Manifest:
         C:\Program Files (x86)\Microsoft SDKs\Windows\v7.0A\bin\mt.exe /nologo /verbose /outputresource:"C:\Users\Pablo\Desktop\Proyectos-Taller\FinalBalas2\Debug\FinalBalas2.exe;#1" /manifest Debug\FinalBalas2.exe.intermediate.manifest
       FinalizeBuildStatus:
         Se eliminará el archivo "Debug\FinalBalas2.unsuccessfulbuild".
         Aplicando tarea Touch a "Debug\FinalBalas2.lastbuildstate".
     1>Compilación del proyecto terminada "C:\Users\Pablo\Desktop\Proyectos-Taller\FinalBalas2\FinalBalas2\FinalBalas2.vcxproj" (build destinos).

Compilación correcta.

Tiempo transcurrido 00:00:01.12
